[debug] [2022-05-18T17:01:00.901Z] ----------------------------------------------------------------------
[debug] [2022-05-18T17:01:00.904Z] Command:       C:\Program Files\nodejs\node.exe C:\Users\ARIFUL\AppData\Roaming\npm\node_modules\firebase-tools\lib\bin\firebase.js init
[debug] [2022-05-18T17:01:00.905Z] CLI Version:   10.9.2
[debug] [2022-05-18T17:01:00.905Z] Platform:      win32
[debug] [2022-05-18T17:01:00.905Z] Node Version:  v16.13.1
[debug] [2022-05-18T17:01:00.914Z] Time:          Wed May 18 2022 23:01:00 GMT+0600 (Bangladesh Standard Time)
[debug] [2022-05-18T17:01:00.914Z] ----------------------------------------------------------------------
[debug] 
[debug] [2022-05-18T17:01:00.924Z] > command requires scopes: ["email","openid","https://www.googleapis.com/auth/cloudplatformprojects.readonly","https://www.googleapis.com/auth/firebase","https://www.googleapis.com/auth/cloud-platform"]
[debug] [2022-05-18T17:01:00.924Z] > authorizing via signed-in user (arifulislam11819@gmail.com)
[info] 
     ######## #### ########  ######## ########     ###     ######  ########
     ##        ##  ##     ## ##       ##     ##  ##   ##  ##       ##
     ######    ##  ########  ######   ########  #########  ######  ######
     ##        ##  ##    ##  ##       ##     ## ##     ##       ## ##
     ##       #### ##     ## ######## ########  ##     ##  ######  ########

You're about to initialize a Firebase project in this directory:

  C:\projects2\zara-fashion-house-server

Before we get started, keep in mind:

  * You are currently outside your home directory

